Flow report for CycloneIV_Digtal
Mon Apr 15 18:22:39 2019
Quartus II 64-Bit Version 13.0.0 Build 156 04/24/2013 SJ Full Version


---------------------
; Table of Contents ;
---------------------
  1. Legal Notice
  2. Flow Summary
  3. Flow Settings
  4. Flow Non-Default Global Settings
  5. Flow Elapsed Time
  6. Flow OS Summary
  7. Flow Log
  8. Flow Messages
  9. Flow Suppressed Messages



----------------
; Legal Notice ;
----------------
Copyright (C) 1991-2013 Altera Corporation
Your use of Altera Corporation's design tools, logic functions 
and other software and tools, and its AMPP partner logic 
functions, and any output files from any of the foregoing 
(including device programming or simulation files), and any 
associated documentation or information are expressly subject 
to the terms and conditions of the Altera Program License 
Subscription Agreement, Altera MegaCore Function License 
Agreement, or other applicable license agreement, including, 
without limitation, that your use is for the sole purpose of 
programming logic devices manufactured by Altera and sold by 
Altera or its authorized distributors.  Please refer to the 
applicable agreement for further details.



+----------------------------------------------------------------------------------+
; Flow Summary                                                                     ;
+------------------------------------+---------------------------------------------+
; Flow Status                        ; Successful - Mon Apr 15 18:22:39 2019       ;
; Quartus II 64-Bit Version          ; 13.0.0 Build 156 04/24/2013 SJ Full Version ;
; Revision Name                      ; CycloneIV_Digtal                            ;
; Top-level Entity Name              ; Digtal_Main                                 ;
; Family                             ; Cyclone IV E                                ;
; Device                             ; EP4CE10F17I7                                ;
; Timing Models                      ; Final                                       ;
; Total logic elements               ; 287 / 10,320 ( 3 % )                        ;
;     Total combinational functions  ; 284 / 10,320 ( 3 % )                        ;
;     Dedicated logic registers      ; 145 / 10,320 ( 1 % )                        ;
; Total registers                    ; 145                                         ;
; Total pins                         ; 99 / 180 ( 55 % )                           ;
; Total virtual pins                 ; 0                                           ;
; Total memory bits                  ; 0 / 423,936 ( 0 % )                         ;
; Embedded Multiplier 9-bit elements ; 0 / 46 ( 0 % )                              ;
; Total PLLs                         ; 0 / 2 ( 0 % )                               ;
+------------------------------------+---------------------------------------------+


+-----------------------------------------+
; Flow Settings                           ;
+-------------------+---------------------+
; Option            ; Setting             ;
+-------------------+---------------------+
; Start date & time ; 04/15/2019 18:22:18 ;
; Main task         ; Compilation         ;
; Revision Name     ; CycloneIV_Digtal    ;
+-------------------+---------------------+


+-------------------------------------------------------------------------------------------------------------------------------------------+
; Flow Non-Default Global Settings                                                                                                          ;
+--------------------------------------+-------------------------------------------+------------------+-------------+-----------------------+
; Assignment Name                      ; Value                                     ; Default Value    ; Entity Name ; Section Id            ;
+--------------------------------------+-------------------------------------------+------------------+-------------+-----------------------+
; COMPILER_SIGNATURE_ID                ; 172308988759962.155532373808208           ; --               ; --          ; --                    ;
; EDA_DESIGN_INSTANCE_NAME             ; NA                                        ; --               ; --          ; Digtal_Main_vlg_tst.v ;
; EDA_NATIVELINK_SIMULATION_TEST_BENCH ; Digtal_Main_vlg_tst.v                     ; --               ; --          ; eda_simulation        ;
; EDA_OUTPUT_DATA_FORMAT               ; Verilog Hdl                               ; --               ; --          ; eda_simulation        ;
; EDA_SIMULATION_TOOL                  ; ModelSim-Altera (Verilog)                 ; <None>           ; --          ; --                    ;
; EDA_TEST_BENCH_ENABLE_STATUS         ; TEST_BENCH_MODE                           ; --               ; --          ; eda_simulation        ;
; EDA_TEST_BENCH_FILE                  ; simulation/modelsim/Digtal_Main_vlg_tst.v ; --               ; --          ; Digtal_Main_vlg_tst.v ;
; EDA_TEST_BENCH_MODULE_NAME           ; Digtal_Main_vlg_tst                       ; --               ; --          ; Digtal_Main_vlg_tst.v ;
; EDA_TEST_BENCH_NAME                  ; Digtal_Main_vlg_tst.v                     ; --               ; --          ; eda_simulation        ;
; EDA_TIME_SCALE                       ; 1 ps                                      ; --               ; --          ; eda_simulation        ;
; MAX_CORE_JUNCTION_TEMP               ; 100                                       ; --               ; --          ; --                    ;
; MIN_CORE_JUNCTION_TEMP               ; -40                                       ; --               ; --          ; --                    ;
; NOMINAL_CORE_SUPPLY_VOLTAGE          ; 1.2V                                      ; --               ; --          ; --                    ;
; PARTITION_COLOR                      ; 16764057                                  ; --               ; Digtal_Main ; Top                   ;
; PARTITION_FITTER_PRESERVATION_LEVEL  ; PLACEMENT_AND_ROUTING                     ; --               ; Digtal_Main ; Top                   ;
; PARTITION_NETLIST_TYPE               ; SOURCE                                    ; --               ; Digtal_Main ; Top                   ;
; POWER_BOARD_THERMAL_MODEL            ; None (CONSERVATIVE)                       ; --               ; --          ; --                    ;
; POWER_PRESET_COOLING_SOLUTION        ; 23 MM HEAT SINK WITH 200 LFPM AIRFLOW     ; --               ; --          ; --                    ;
; PROJECT_OUTPUT_DIRECTORY             ; output_files                              ; --               ; --          ; --                    ;
; TOP_LEVEL_ENTITY                     ; Digtal_Main                               ; CycloneIV_Digtal ; --          ; --                    ;
+--------------------------------------+-------------------------------------------+------------------+-------------+-----------------------+


+-------------------------------------------------------------------------------------------------------------------------------+
; Flow Elapsed Time                                                                                                             ;
+---------------------------+--------------+-------------------------+---------------------+------------------------------------+
; Module Name               ; Elapsed Time ; Average Processors Used ; Peak Virtual Memory ; Total CPU Time (on all processors) ;
+---------------------------+--------------+-------------------------+---------------------+------------------------------------+
; Analysis & Synthesis      ; 00:00:03     ; 1.0                     ; 4627 MB             ; 00:00:03                           ;
; Fitter                    ; 00:00:09     ; 1.8                     ; 5349 MB             ; 00:00:12                           ;
; Assembler                 ; 00:00:01     ; 1.0                     ; 4563 MB             ; 00:00:01                           ;
; TimeQuest Timing Analyzer ; 00:00:03     ; 1.0                     ; 4657 MB             ; 00:00:03                           ;
; EDA Netlist Writer        ; 00:00:01     ; 1.0                     ; 4538 MB             ; 00:00:01                           ;
; Total                     ; 00:00:17     ; --                      ; --                  ; 00:00:20                           ;
+---------------------------+--------------+-------------------------+---------------------+------------------------------------+


+----------------------------------------------------------------------------------------+
; Flow OS Summary                                                                        ;
+---------------------------+------------------+-----------+------------+----------------+
; Module Name               ; Machine Hostname ; OS Name   ; OS Version ; Processor type ;
+---------------------------+------------------+-----------+------------+----------------+
; Analysis & Synthesis      ; MyDell9550       ; Windows 7 ; 6.2        ; x86_64         ;
; Fitter                    ; MyDell9550       ; Windows 7 ; 6.2        ; x86_64         ;
; Assembler                 ; MyDell9550       ; Windows 7 ; 6.2        ; x86_64         ;
; TimeQuest Timing Analyzer ; MyDell9550       ; Windows 7 ; 6.2        ; x86_64         ;
; EDA Netlist Writer        ; MyDell9550       ; Windows 7 ; 6.2        ; x86_64         ;
+---------------------------+------------------+-----------+------------+----------------+


------------
; Flow Log ;
------------
quartus_map --read_settings_files=on --write_settings_files=off CycloneIV_Digtal -c CycloneIV_Digtal
quartus_fit --read_settings_files=off --write_settings_files=off CycloneIV_Digtal -c CycloneIV_Digtal
quartus_asm --read_settings_files=off --write_settings_files=off CycloneIV_Digtal -c CycloneIV_Digtal
quartus_sta CycloneIV_Digtal -c CycloneIV_Digtal
quartus_eda --read_settings_files=off --write_settings_files=off CycloneIV_Digtal -c CycloneIV_Digtal



